2020-11-23 15:24:01 [right meow!] error: User not found
2020-11-23 15:26:32 [right meow!] error: Cannot destructure property `EvaluationPeriod` of 'undefined' or 'null'.
2020-11-23 15:26:32 [right meow!] error: Cannot destructure property `EvaluationPeriod` of 'undefined' or 'null'.
2020-11-23 15:45:11 [right meow!] error: Cannot destructure property `EvaluationPeriod` of 'undefined' or 'null'.
2020-11-23 15:45:12 [right meow!] error: Cannot destructure property `EvaluationPeriod` of 'undefined' or 'null'.
2020-11-23 15:47:44 [right meow!] error: Cannot destructure property `EvaluationPeriod` of 'undefined' or 'null'.
2020-11-23 15:47:45 [right meow!] error: Cannot destructure property `EvaluationPeriod` of 'undefined' or 'null'.
2020-11-23 15:48:07 [right meow!] error: Cast to ObjectId failed for value "Job" at path "_id" for model "JobLevels"
2020-11-23 15:52:33 [right meow!] error: Cannot destructure property `EvaluationPeriod` of 'undefined' or 'null'.
2020-11-23 15:52:33 [right meow!] error: Cannot destructure property `EvaluationPeriod` of 'undefined' or 'null'.
2020-11-23 16:07:25 [right meow!] error: Cannot destructure property `EvaluationPeriod` of 'undefined' or 'null'.
2020-11-23 16:07:25 [right meow!] error: Cannot destructure property `EvaluationPeriod` of 'undefined' or 'null'.
2020-11-23 16:08:41 [right meow!] error: Cannot destructure property `EvaluationPeriod` of 'undefined' or 'null'.
2020-11-23 16:08:41 [right meow!] error: Cannot destructure property `EvaluationPeriod` of 'undefined' or 'null'.
2020-11-23 16:08:57 [right meow!] error: Cannot destructure property `EvaluationPeriod` of 'undefined' or 'null'.
2020-11-23 16:08:57 [right meow!] error: Cannot destructure property `EvaluationPeriod` of 'undefined' or 'null'.
2020-11-23 16:09:29 [right meow!] error: Cannot destructure property `EvaluationPeriod` of 'undefined' or 'null'.
2020-11-23 16:09:29 [right meow!] error: Cannot destructure property `EvaluationPeriod` of 'undefined' or 'null'.
2020-11-23 16:11:18 [right meow!] error: Cannot destructure property `EvaluationPeriod` of 'undefined' or 'null'.
2020-11-23 16:11:18 [right meow!] error: Cannot destructure property `EvaluationPeriod` of 'undefined' or 'null'.
2020-11-23 16:15:05 [right meow!] error: Cannot destructure property `EvaluationPeriod` of 'undefined' or 'null'.
2020-11-23 16:15:06 [right meow!] error: Cannot destructure property `EvaluationPeriod` of 'undefined' or 'null'.
2020-11-23 16:15:47 [right meow!] error: Cannot destructure property `EvaluationPeriod` of 'undefined' or 'null'.
2020-11-23 16:15:48 [right meow!] error: Cannot destructure property `EvaluationPeriod` of 'undefined' or 'null'.
2020-11-23 16:16:26 [right meow!] error: Cannot destructure property `EvaluationPeriod` of 'undefined' or 'null'.
2020-11-23 16:16:26 [right meow!] error: Cannot destructure property `EvaluationPeriod` of 'undefined' or 'null'.
2020-11-23 16:16:44 [right meow!] error: Cannot destructure property `EvaluationPeriod` of 'undefined' or 'null'.
2020-11-23 16:16:44 [right meow!] error: Cannot destructure property `EvaluationPeriod` of 'undefined' or 'null'.
2020-11-23 16:17:11 [right meow!] error: Cannot destructure property `EvaluationPeriod` of 'undefined' or 'null'.
2020-11-23 16:17:12 [right meow!] error: Cannot destructure property `EvaluationPeriod` of 'undefined' or 'null'.
2020-11-23 16:20:39 [right meow!] error: Cannot destructure property `EvaluationPeriod` of 'undefined' or 'null'.
2020-11-23 16:21:36 [right meow!] error: Cannot destructure property `EvaluationPeriod` of 'undefined' or 'null'.
2020-11-23 16:24:52 [right meow!] error: Cannot destructure property `EvaluationPeriod` of 'undefined' or 'null'.
2020-11-23 16:25:50 [right meow!] error: Cannot destructure property `EvaluationPeriod` of 'undefined' or 'null'.
2020-11-23 16:26:30 [right meow!] error: Converting circular structure to JSON
    --> starting at object with constructor 'NativeConnection'
    |     property 'base' -> object with constructor 'Mongoose'
    |     property 'connections' -> object with constructor 'Array'
    --- index 0 closes the circle
2020-11-23 16:26:45 [right meow!] error: Converting circular structure to JSON
    --> starting at object with constructor 'NativeTopology'
    |     property 's' -> object with constructor 'Object'
    |     property 'sessionPool' -> object with constructor 'ServerSessionPool'
    --- property 'topology' closes the circle
2020-11-23 16:33:38 [right meow!] error: Cannot read property 'toDate' of undefined
2020-11-23 16:36:48 [right meow!] error: Cannot read property 'toDate' of undefined
2020-11-23 16:37:26 [right meow!] error: Cannot read property 'toDate' of undefined
