2020-11-23 13:23:57 [right meow!] info: Server running on port 3000
2020-11-23 13:25:10 [right meow!] info: {"Email":"psa@in.com","Password":"Abc#1234"}
2020-11-23 13:25:11 [right meow!] info: User ::psa@in.com has loggedin already
2020-11-23 13:25:13 [right meow!] info: {"Email":"psa@in.com","Password":"Abc#1234"}
2020-11-23 13:43:27 [right meow!] info: Server running on port 3000
2020-11-23 13:53:31 [right meow!] info: Server running on port 3000
2020-11-23 13:54:33 [right meow!] info: Server running on port 3000
2020-11-23 13:57:01 [right meow!] info: {"Email":"q3csa@gmail.com","Password":"Abc#1234"}
2020-11-23 13:57:02 [right meow!] info: User ::q3csa@gmail.com has loggedin already
2020-11-23 13:57:05 [right meow!] info: {"Email":"q3csa@gmail.com","Password":"Abc#1234"}
2020-11-23 14:04:52 [right meow!] info: {"Email":"e1@xyz.com","Password":"Abc#1234"}
2020-11-23 14:10:34 [right meow!] info: Server running on port 3000
2020-11-23 14:15:22 [right meow!] info: {"Email":"psa@in.com","Password":"Abc#1234"}
2020-11-23 14:15:22 [right meow!] info: User ::psa@in.com has loggedin already
2020-11-23 14:15:25 [right meow!] info: {"Email":"psa@in.com","Password":"Abc#1234"}
2020-11-23 14:17:13 [right meow!] info: Server running on port 3000
2020-11-23 14:20:37 [right meow!] info: Server running on port 3000
2020-11-23 14:44:02 [right meow!] info: Server running on port 3000
2020-11-23 14:51:56 [right meow!] info: {"Email":"murali@abc.com","Password":"Abc#1234"}
2020-11-23 14:51:57 [right meow!] info: User ::murali@abc.com has loggedin already
2020-11-23 14:52:01 [right meow!] info: {"Email":"murali@abc.com","Password":"Abc#1234"}
2020-11-23 14:53:00 [right meow!] info: {"Email":"desk@xyz.com","Password":"Abc#1234"}
2020-11-23 15:01:02 [right meow!] info: {"Email":"mandeep@xyz.com","Password":"Abc#1234"}
2020-11-23 15:01:55 [right meow!] info: {"Email":"desk@xyz.com","Password":"Abc#1234"}
2020-11-23 15:03:25 [right meow!] info: Server running on port 3000
2020-11-23 15:03:34 [right meow!] info: Server running on port 3000
2020-11-23 15:21:56 [right meow!] info: Server running on port 3000
2020-11-23 15:22:35 [right meow!] info: {"Email":"mandeep@xyz.com","Password":"Abc#1234"}
2020-11-23 15:24:01 [right meow!] info: {"Email":"csa@in.com","Password":"Abc#1234"}
2020-11-23 15:24:01 [right meow!] error: User not found
2020-11-23 15:24:09 [right meow!] info: {"Email":"q3csa@gmail.com","Password":"Abc#1234"}
2020-11-23 15:25:11 [right meow!] info: {"Email":"qea@gmail.com","Password":"Abc#1234"}
2020-11-23 15:26:32 [right meow!] error: Cannot destructure property `EvaluationPeriod` of 'undefined' or 'null'.
2020-11-23 15:26:32 [right meow!] error: Cannot destructure property `EvaluationPeriod` of 'undefined' or 'null'.
2020-11-23 15:33:13 [right meow!] info: {"Email":"emp1@gmail.com","Password":"Abc#1234"}
2020-11-23 15:33:14 [right meow!] info: User ::emp1@gmail.com has loggedin already
2020-11-23 15:33:16 [right meow!] info: {"Email":"emp1@gmail.com","Password":"Abc#1234"}
2020-11-23 15:33:35 [right meow!] info: {"Email":"qea@gmail.com","Password":"Abc#1234"}
2020-11-23 15:43:27 [right meow!] info: {"Email":"emp1@gmail.com","Password":"Abc#1234"}
2020-11-23 15:44:51 [right meow!] info: {"Email":"qea@gmail.com","Password":"Abc#1234"}
2020-11-23 15:45:11 [right meow!] error: Cannot destructure property `EvaluationPeriod` of 'undefined' or 'null'.
2020-11-23 15:45:12 [right meow!] error: Cannot destructure property `EvaluationPeriod` of 'undefined' or 'null'.
2020-11-23 15:47:44 [right meow!] error: Cannot destructure property `EvaluationPeriod` of 'undefined' or 'null'.
2020-11-23 15:47:45 [right meow!] error: Cannot destructure property `EvaluationPeriod` of 'undefined' or 'null'.
2020-11-23 15:48:07 [right meow!] info: {"Email":"emp@in.com","Password":"Abc#1234"}
2020-11-23 15:48:07 [right meow!] error: Cast to ObjectId failed for value "Job" at path "_id" for model "JobLevels"
2020-11-23 15:48:11 [right meow!] info: {"Email":"ea@in.com","Password":"Abc#1234"}
2020-11-23 15:49:43 [right meow!] info: {"Email":"qea@gmail.com","Password":"Abc#1234"}
2020-11-23 15:52:33 [right meow!] error: Cannot destructure property `EvaluationPeriod` of 'undefined' or 'null'.
2020-11-23 15:52:33 [right meow!] error: Cannot destructure property `EvaluationPeriod` of 'undefined' or 'null'.
2020-11-23 15:55:36 [right meow!] info: {"Email":"qea@gmail.com","Password":"Abc#1234"}
2020-11-23 15:59:52 [right meow!] info: {"Email":"qea@gmail.com","Password":"Abc#1234"}
2020-11-23 16:03:45 [right meow!] info: Server running on port 3000
2020-11-23 16:04:43 [right meow!] info: {"Email":"qea@gmail.com","Password":"Abc#1234"}
2020-11-23 16:07:18 [right meow!] info: {"Email":"qea@gmail.com","Password":"Abc#1234"}
2020-11-23 16:07:25 [right meow!] error: Cannot destructure property `EvaluationPeriod` of 'undefined' or 'null'.
2020-11-23 16:07:25 [right meow!] error: Cannot destructure property `EvaluationPeriod` of 'undefined' or 'null'.
2020-11-23 16:08:41 [right meow!] error: Cannot destructure property `EvaluationPeriod` of 'undefined' or 'null'.
2020-11-23 16:08:41 [right meow!] error: Cannot destructure property `EvaluationPeriod` of 'undefined' or 'null'.
2020-11-23 16:08:56 [right meow!] info: {"Email":"qea@gmail.com","Password":"Abc#1234"}
2020-11-23 16:08:57 [right meow!] error: Cannot destructure property `EvaluationPeriod` of 'undefined' or 'null'.
2020-11-23 16:08:57 [right meow!] error: Cannot destructure property `EvaluationPeriod` of 'undefined' or 'null'.
2020-11-23 16:09:10 [right meow!] info: {"Email":"emp1@gmail.com","Password":"Abc#1234"}
2020-11-23 16:09:27 [right meow!] info: {"Email":"qea@gmail.com","Password":"Abc#1234"}
2020-11-23 16:09:29 [right meow!] error: Cannot destructure property `EvaluationPeriod` of 'undefined' or 'null'.
2020-11-23 16:09:29 [right meow!] error: Cannot destructure property `EvaluationPeriod` of 'undefined' or 'null'.
2020-11-23 16:11:16 [right meow!] info: {"Email":"manjul@xyz.com","Password":"Abc#1234"}
2020-11-23 16:11:18 [right meow!] error: Cannot destructure property `EvaluationPeriod` of 'undefined' or 'null'.
2020-11-23 16:11:18 [right meow!] error: Cannot destructure property `EvaluationPeriod` of 'undefined' or 'null'.
2020-11-23 16:14:57 [right meow!] info: Server running on port 3000
2020-11-23 16:15:05 [right meow!] error: Cannot destructure property `EvaluationPeriod` of 'undefined' or 'null'.
2020-11-23 16:15:06 [right meow!] error: Cannot destructure property `EvaluationPeriod` of 'undefined' or 'null'.
2020-11-23 16:15:35 [right meow!] info: Server running on port 3000
2020-11-23 16:15:47 [right meow!] error: Cannot destructure property `EvaluationPeriod` of 'undefined' or 'null'.
2020-11-23 16:15:48 [right meow!] error: Cannot destructure property `EvaluationPeriod` of 'undefined' or 'null'.
2020-11-23 16:16:16 [right meow!] info: Server running on port 3000
2020-11-23 16:16:26 [right meow!] error: Cannot destructure property `EvaluationPeriod` of 'undefined' or 'null'.
2020-11-23 16:16:26 [right meow!] error: Cannot destructure property `EvaluationPeriod` of 'undefined' or 'null'.
2020-11-23 16:16:44 [right meow!] error: Cannot destructure property `EvaluationPeriod` of 'undefined' or 'null'.
2020-11-23 16:16:44 [right meow!] error: Cannot destructure property `EvaluationPeriod` of 'undefined' or 'null'.
2020-11-23 16:17:11 [right meow!] error: Cannot destructure property `EvaluationPeriod` of 'undefined' or 'null'.
2020-11-23 16:17:12 [right meow!] error: Cannot destructure property `EvaluationPeriod` of 'undefined' or 'null'.
2020-11-23 16:20:39 [right meow!] error: Cannot destructure property `EvaluationPeriod` of 'undefined' or 'null'.
2020-11-23 16:20:54 [right meow!] info: Server running on port 3000
2020-11-23 16:21:33 [right meow!] info: Server running on port 3000
2020-11-23 16:21:36 [right meow!] error: Cannot destructure property `EvaluationPeriod` of 'undefined' or 'null'.
2020-11-23 16:24:49 [right meow!] info: Server running on port 3000
2020-11-23 16:24:52 [right meow!] error: Cannot destructure property `EvaluationPeriod` of 'undefined' or 'null'.
2020-11-23 16:25:07 [right meow!] info: Server running on port 3000
2020-11-23 16:25:43 [right meow!] info: Server running on port 3000
2020-11-23 16:25:50 [right meow!] error: Cannot destructure property `EvaluationPeriod` of 'undefined' or 'null'.
2020-11-23 16:26:27 [right meow!] info: Server running on port 3000
2020-11-23 16:26:30 [right meow!] error: Converting circular structure to JSON
    --> starting at object with constructor 'NativeConnection'
    |     property 'base' -> object with constructor 'Mongoose'
    |     property 'connections' -> object with constructor 'Array'
    --- index 0 closes the circle
2020-11-23 16:26:45 [right meow!] error: Converting circular structure to JSON
    --> starting at object with constructor 'NativeTopology'
    |     property 's' -> object with constructor 'Object'
    |     property 'sessionPool' -> object with constructor 'ServerSessionPool'
    --- property 'topology' closes the circle
2020-11-23 16:27:04 [right meow!] info: Server running on port 3000
2020-11-23 16:33:32 [right meow!] info: Server running on port 3000
2020-11-23 16:33:38 [right meow!] error: Cannot read property 'toDate' of undefined
2020-11-23 16:36:41 [right meow!] info: Server running on port 3000
2020-11-23 16:36:48 [right meow!] error: Cannot read property 'toDate' of undefined
2020-11-23 16:37:21 [right meow!] info: Server running on port 3000
2020-11-23 16:37:26 [right meow!] error: Cannot read property 'toDate' of undefined
2020-11-23 16:38:06 [right meow!] info: Server running on port 3000
2020-11-23 16:41:23 [right meow!] info: Server running on port 3000
2020-11-23 16:43:50 [right meow!] info: Server running on port 3000
2020-11-23 16:48:46 [right meow!] info: Server running on port 3000
2020-11-23 16:52:57 [right meow!] info: Server running on port 3000
2020-11-23 16:54:07 [right meow!] info: {"Email":"emp1@gmail.com","Password":"Abc#1234"}
